<?xml version="1.0" encoding="UTF-8"?>
<testng-results skipped="0" failed="0" total="1" passed="1">
  <reporter-output>
  </reporter-output>
  <suite name="Default suite" duration-ms="13791" started-at="2018-12-17T06:40:30Z" finished-at="2018-12-17T06:40:44Z">
    <groups>
    </groups>
    <test name="Default test" duration-ms="13791" started-at="2018-12-17T06:40:30Z" finished-at="2018-12-17T06:40:44Z">
      <class name="MavenNew.NewTest">
        <test-method status="PASS" signature="beforeTest()[pri:0, instance:MavenNew.NewTest@7dc7cbad]" name="beforeTest" is-config="true" duration-ms="8070" started-at="2018-12-17T12:10:30Z" finished-at="2018-12-17T12:10:38Z">
          <reporter-output>
          </reporter-output>
        </test-method> <!-- beforeTest -->
        <test-method status="PASS" signature="f()[pri:0, instance:MavenNew.NewTest@7dc7cbad]" name="f" duration-ms="3584" started-at="2018-12-17T12:10:38Z" finished-at="2018-12-17T12:10:42Z">
          <reporter-output>
          </reporter-output>
        </test-method> <!-- f -->
        <test-method status="PASS" signature="afterTest()[pri:0, instance:MavenNew.NewTest@7dc7cbad]" name="afterTest" is-config="true" duration-ms="2122" started-at="2018-12-17T12:10:42Z" finished-at="2018-12-17T12:10:44Z">
          <reporter-output>
          </reporter-output>
        </test-method> <!-- afterTest -->
      </class> <!-- MavenNew.NewTest -->
    </test> <!-- Default test -->
  </suite> <!-- Default suite -->
</testng-results>
